#
# A fatal error has been detected by the Java Runtime Environment:
#
#  EXCEPTION_ACCESS_VIOLATION (0xc0000005) at pc=0x00000204555e9ee5, pid=12908, tid=11836
#
# JRE version: OpenJDK Runtime Environment (11.0.10) (build 11.0.10+0-b96-7249189)
# Java VM: OpenJDK 64-Bit Server VM (11.0.10+0-b96-7249189, mixed mode, tiered, compressed oops, g1 gc, windows-amd64)
# Problematic frame:
# C  0x00000204555e9ee5
#
# No core dump will be written. Minidumps are not enabled by default on client versions of Windows
#
# If you would like to submit a bug report, please visit:
#   https://bugreport.java.com/bugreport/crash.jsp
#

---------------  S U M M A R Y ------------

Command Line: --add-opens=java.base/java.util=ALL-UNNAMED --add-opens=java.base/java.lang=ALL-UNNAMED --add-opens=java.base/java.lang.invoke=ALL-UNNAMED --add-opens=java.base/java.util=ALL-UNNAMED --add-opens=java.prefs/java.util.prefs=ALL-UNNAMED --add-opens=java.prefs/java.util.prefs=ALL-UNNAMED --add-opens=java.base/java.nio.charset=ALL-UNNAMED --add-opens=java.base/java.net=ALL-UNNAMED --add-opens=java.base/java.util.concurrent.atomic=ALL-UNNAMED -Xmx2048m -Dfile.encoding=UTF-8 -Duser.country=RU -Duser.language=ru -Duser.variant org.gradle.launcher.daemon.bootstrap.GradleDaemon 7.0.2

Host: Intel(R) Celeron(R) N4000 CPU @ 1.10GHz, 2 cores, 3G,  Windows 10 , 64 bit Build 19041 (10.0.19041.1348)
Time: Mon Dec  6 13:56:09 2021 RTZ 2 (зима) elapsed time: 36.149016 seconds (0d 0h 0m 36s)

---------------  T H R E A D  ---------------

Current thread (0x000002041fd81800):  JavaThread "Daemon worker" [_thread_in_Java, id=11836, stack(0x000000bb66200000,0x000000bb66300000)]

Stack: [0x000000bb66200000,0x000000bb66300000],  sp=0x000000bb662f8d80,  free space=995k
Native frames: (J=compiled Java code, j=interpreted, Vv=VM code, C=native code)
C  0x00000204555e9ee5


siginfo: EXCEPTION_ACCESS_VIOLATION (0xc0000005), data execution prevention violation at address 0x00000204555e9ee5


Register to memory mapping:

RIP=0x00000204555e9ee5 is an unknown value
RAX=0x0000000083d15e10 is an oop: java.io.File 
{0x0000000083d15e10} - klass: 'java/io/File'
RBX=0x0 is NULL
RCX=0x0000000000000004 is an unknown value
RDX=0x000000bb662f8d28 is pointing into the stack for thread: 0x000002041fd81800
RSP=0x000000bb662f8d80 is pointing into the stack for thread: 0x000002041fd81800
RBP=0x000000bb662f8dd0 is pointing into the stack for thread: 0x000002041fd81800
RSI=0x00000000000000b4 is an unknown value
RDI=0x0000000000001d6e is an unknown value
R8 =0x0 is NULL
R9 =0x0000000080211588 is an oop: java.lang.Class 
{0x0000000080211588} - klass: 'java/lang/Class'
R10=0x00007ffeba80743a jvm.dll
R11=0x00000204110c2360 is at entry_point+32 in (nmethod*)0x00000204110c2190
R12=0x0 is NULL
R13=0x0000020423913c23 is pointing into metadata
R14=0x000000bb662f8df8 is pointing into the stack for thread: 0x000002041fd81800
R15=0x000002041fd81800 is a thread


Registers:
RAX=0x0000000083d15e10, RBX=0x0000000000000000, RCX=0x0000000000000004, RDX=0x000000bb662f8d28
RSP=0x000000bb662f8d80, RBP=0x000000bb662f8dd0, RSI=0x00000000000000b4, RDI=0x0000000000001d6e
R8 =0x0000000000000000, R9 =0x0000000080211588, R10=0x00007ffeba80743a, R11=0x00000204110c2360
R12=0x0000000000000000, R13=0x0000020423913c23, R14=0x000000bb662f8df8, R15=0x000002041fd81800
RIP=0x00000204555e9ee5, EFLAGS=0x0000000000010246

Top of Stack: (sp=0x000000bb662f8d80)
0x000000bb662f8d80:   0000000083d15db8 000000bb662f8d88
0x000000bb662f8d90:   0000020423913c23 000000bb662f8df8
0x000000bb662f8da0:   0000020423913db8 0000000000000000
0x000000bb662f8db0:   0000000081f562c8 0000020423913c98
0x000000bb662f8dc0:   0000000000000000 000000bb662f8df0
0x000000bb662f8dd0:   000000bb662f8e48 00000204095e9e40
0x000000bb662f8de0:   0000000000000000 000000008c054bb8
0x000000bb662f8df0:   0000000088f280a0 0000000083d15db8
0x000000bb662f8e00:   000000bb662f8e00 0000020423473f6a
0x000000bb662f8e10:   000000bb662f8e70 0000020423475330
0x000000bb662f8e20:   0000000000000000 0000000080f81238
0x000000bb662f8e30:   0000020423473fb8 000000bb662f8df0
0x000000bb662f8e40:   000000bb662f8e60 000000bb662f8ec0
0x000000bb662f8e50:   00000204095e9e40 0000000000000000
0x000000bb662f8e60:   0000000081f56590 0000000088f280a0
0x000000bb662f8e70:   0000000083d15db8 000000bb662f8e78 

Instructions: (pc=0x00000204555e9ee5)
0x00000204555e9de5:   ?? ?? ?? ?? ?? ?? ?? ?? ?? ?? ?? ?? ?? ?? ?? ??
0x00000204555e9df5:   ?? ?? ?? ?? ?? ?? ?? ?? ?? ?? ?? ?? ?? ?? ?? ??
0x00000204555e9e05:   ?? ?? ?? ?? ?? ?? ?? ?? ?? ?? ?? ?? ?? ?? ?? ??
0x00000204555e9e15:   ?? ?? ?? ?? ?? ?? ?? ?? ?? ?? ?? ?? ?? ?? ?? ??
0x00000204555e9e25:   ?? ?? ?? ?? ?? ?? ?? ?? ?? ?? ?? ?? ?? ?? ?? ??
0x00000204555e9e35:   ?? ?? ?? ?? ?? ?? ?? ?? ?? ?? ?? ?? ?? ?? ?? ??
0x00000204555e9e45:   ?? ?? ?? ?? ?? ?? ?? ?? ?? ?? ?? ?? ?? ?? ?? ??
0x00000204555e9e55:   ?? ?? ?? ?? ?? ?? ?? ?? ?? ?? ?? ?? ?? ?? ?? ??
0x00000204555e9e65:   ?? ?? ?? ?? ?? ?? ?? ?? ?? ?? ?? ?? ?? ?? ?? ??
0x00000204555e9e75:   ?? ?? ?? ?? ?? ?? ?? ?? ?? ?? ?? ?? ?? ?? ?? ??
0x00000204555e9e85:   ?? ?? ?? ?? ?? ?? ?? ?? ?? ?? ?? ?? ?? ?? ?? ??
0x00000204555e9e95:   ?? ?? ?? ?? ?? ?? ?? ?? ?? ?? ?? ?? ?? ?? ?? ??
0x00000204555e9ea5:   ?? ?? ?? ?? ?? ?? ?? ?? ?? ?? ?? ?? ?? ?? ?? ??
0x00000204555e9eb5:   ?? ?? ?? ?? ?? ?? ?? ?? ?? ?? ?? ?? ?? ?? ?? ??
0x00000204555e9ec5:   ?? ?? ?? ?? ?? ?? ?? ?? ?? ?? ?? ?? ?? ?? ?? ??
0x00000204555e9ed5:   ?? ?? ?? ?? ?? ?? ?? ?? ?? ?? ?? ?? ?? ?? ?? ??
0x00000204555e9ee5:   ?? ?? ?? ?? ?? ?? ?? ?? ?? ?? ?? ?? ?? ?? ?? ??
0x00000204555e9ef5:   ?? ?? ?? ?? ?? ?? ?? ?? ?? ?? ?? ?? ?? ?? ?? ??
0x00000204555e9f05:   ?? ?? ?? ?? ?? ?? ?? ?? ?? ?? ?? ?? ?? ?? ?? ??
0x00000204555e9f15:   ?? ?? ?? ?? ?? ?? ?? ?? ?? ?? ?? ?? ?? ?? ?? ??
0x00000204555e9f25:   ?? ?? ?? ?? ?? ?? ?? ?? ?? ?? ?? ?? ?? ?? ?? ??
0x00000204555e9f35:   ?? ?? ?? ?? ?? ?? ?? ?? ?? ?? ?? ?? ?? ?? ?? ??
0x00000204555e9f45:   ?? ?? ?? ?? ?? ?? ?? ?? ?? ?? ?? ?? ?? ?? ?? ??
0x00000204555e9f55:   ?? ?? ?? ?? ?? ?? ?? ?? ?? ?? ?? ?? ?? ?? ?? ??
0x00000204555e9f65:   ?? ?? ?? ?? ?? ?? ?? ?? ?? ?? ?? ?? ?? ?? ?? ??
0x00000204555e9f75:   ?? ?? ?? ?? ?? ?? ?? ?? ?? ?? ?? ?? ?? ?? ?? ??
0x00000204555e9f85:   ?? ?? ?? ?? ?? ?? ?? ?? ?? ?? ?? ?? ?? ?? ?? ??
0x00000204555e9f95:   ?? ?? ?? ?? ?? ?? ?? ?? ?? ?? ?? ?? ?? ?? ?? ??
0x00000204555e9fa5:   ?? ?? ?? ?? ?? ?? ?? ?? ?? ?? ?? ?? ?? ?? ?? ??
0x00000204555e9fb5:   ?? ?? ?? ?? ?? ?? ?? ?? ?? ?? ?? ?? ?? ?? ?? ??
0x00000204555e9fc5:   ?? ?? ?? ?? ?? ?? ?? ?? ?? ?? ?? ?? ?? ?? ?? ??
0x00000204555e9fd5:   ?? ?? ?? ?? ?? ?? ?? ?? ?? ?? ?? ?? ?? ?? ?? ?? 


Stack slot to memory mapping:
stack at sp + 0 slots: 0x0000000083d15db8 is an oop: org.gradle.api.internal.file.BaseDirFileResolver 
{0x0000000083d15db8} - klass: 'org/gradle/api/internal/file/BaseDirFileResolver'
stack at sp + 1 slots: 0x000000bb662f8d88 is pointing into the stack for thread: 0x000002041fd81800
stack at sp + 2 slots: 0x0000020423913c23 is pointing into metadata
stack at sp + 3 slots: 0x000000bb662f8df8 is pointing into the stack for thread: 0x000002041fd81800
stack at sp + 4 slots: 0x0000020423913db8 is pointing into metadata
stack at sp + 5 slots: 0x0 is NULL
stack at sp + 6 slots: 0x0000000081f562c8 is an oop: java.lang.Class 
{0x0000000081f562c8} - klass: 'java/lang/Class'
stack at sp + 7 slots: {method} {0x0000020423913ca0} 'doResolve' '(Ljava/lang/Object;)Ljava/io/File;' in 'org/gradle/api/internal/file/AbstractBaseDirFileResolver'


---------------  P R O C E S S  ---------------

Threads class SMR info:
_java_thread_list=0x00000204264af800, length=38, elements={
0x0000020405af0800, 0x000002041f356000, 0x000002041f357800, 0x000002041f377000,
0x000002041f378800, 0x000002041f379800, 0x000002041f37a800, 0x000002041fc2b000,
0x000002041fc2d800, 0x000002041fd29000, 0x000002042173b800, 0x000002042090d000,
0x000002041ff36800, 0x0000020421605800, 0x0000020421c08800, 0x0000020421272800,
0x000002041fd81800, 0x0000020420ddc800, 0x0000020420ddd000, 0x0000020421dd8000,
0x0000020421dd4800, 0x0000020421dd4000, 0x0000020421dd5800, 0x0000020421dd6800,
0x0000020421dd2800, 0x0000020421dd9000, 0x0000020421dd3000, 0x0000020421dd7000,
0x0000020423ca9800, 0x0000020423ca8000, 0x0000020423cab000, 0x0000020423ca5800,
0x0000020423caa800, 0x0000020423ca7000, 0x0000020423ca9000, 0x00000204244be800,
0x00000204244c0800, 0x00000204244c1800
}

Java Threads: ( => current thread )
  0x0000020405af0800 JavaThread "main" [_thread_blocked, id=9668, stack(0x000000bb64a00000,0x000000bb64b00000)]
  0x000002041f356000 JavaThread "Reference Handler" daemon [_thread_blocked, id=1548, stack(0x000000bb65100000,0x000000bb65200000)]
  0x000002041f357800 JavaThread "Finalizer" daemon [_thread_blocked, id=932, stack(0x000000bb65200000,0x000000bb65300000)]
  0x000002041f377000 JavaThread "Signal Dispatcher" daemon [_thread_blocked, id=9936, stack(0x000000bb65300000,0x000000bb65400000)]
  0x000002041f378800 JavaThread "Attach Listener" daemon [_thread_blocked, id=892, stack(0x000000bb65400000,0x000000bb65500000)]
  0x000002041f379800 JavaThread "Service Thread" daemon [_thread_blocked, id=9840, stack(0x000000bb65500000,0x000000bb65600000)]
  0x000002041f37a800 JavaThread "C2 CompilerThread0" daemon [_thread_blocked, id=2516, stack(0x000000bb65600000,0x000000bb65700000)]
  0x000002041fc2b000 JavaThread "C1 CompilerThread0" daemon [_thread_blocked, id=3544, stack(0x000000bb65700000,0x000000bb65800000)]
  0x000002041fc2d800 JavaThread "Sweeper thread" daemon [_thread_blocked, id=12800, stack(0x000000bb65800000,0x000000bb65900000)]
  0x000002041fd29000 JavaThread "Common-Cleaner" daemon [_thread_blocked, id=13280, stack(0x000000bb65900000,0x000000bb65a00000)]
  0x000002042173b800 JavaThread "Daemon health stats" [_thread_blocked, id=5848, stack(0x000000bb65c00000,0x000000bb65d00000)]
  0x000002042090d000 JavaThread "Incoming local TCP Connector on port 64754" [_thread_in_native, id=5404, stack(0x000000bb65d00000,0x000000bb65e00000)]
  0x000002041ff36800 JavaThread "Daemon" [_thread_blocked, id=6120, stack(0x000000bb65e00000,0x000000bb65f00000)]
  0x0000020421605800 JavaThread "Daemon periodic checks" [_thread_blocked, id=2600, stack(0x000000bb65f00000,0x000000bb66000000)]
  0x0000020421c08800 JavaThread "Handler for socket connection from /127.0.0.1:64754 to /127.0.0.1:64755" [_thread_in_native, id=6400, stack(0x000000bb66000000,0x000000bb66100000)]
  0x0000020421272800 JavaThread "Cancel handler" [_thread_blocked, id=5992, stack(0x000000bb66100000,0x000000bb66200000)]
=>0x000002041fd81800 JavaThread "Daemon worker" [_thread_in_Java, id=11836, stack(0x000000bb66200000,0x000000bb66300000)]
  0x0000020420ddc800 JavaThread "Asynchronous log dispatcher for DefaultDaemonConnection: socket connection from /127.0.0.1:64754 to /127.0.0.1:64755" [_thread_blocked, id=11116, stack(0x000000bb66300000,0x000000bb66400000)]
  0x0000020420ddd000 JavaThread "Stdin handler" [_thread_blocked, id=4124, stack(0x000000bb66400000,0x000000bb66500000)]
  0x0000020421dd8000 JavaThread "Daemon client event forwarder" [_thread_blocked, id=11980, stack(0x000000bb66500000,0x000000bb66600000)]
  0x0000020421dd4800 JavaThread "Cache worker for file hash cache (C:\Users\79045\.gradle\caches\7.0.2\fileHashes)" [_thread_blocked, id=3796, stack(0x000000bb66600000,0x000000bb66700000)]
  0x0000020421dd4000 JavaThread "File lock request listener" [_thread_in_native, id=13408, stack(0x000000bb66700000,0x000000bb66800000)]
  0x0000020421dd5800 JavaThread "Cache worker for journal cache (C:\Users\79045\.gradle\caches\journal-1)" [_thread_blocked, id=6744, stack(0x000000bb66800000,0x000000bb66900000)]
  0x0000020421dd6800 JavaThread "Cache worker for file hash cache (C:\Users\79045\AndroidStudioProjects\Magic_ball\.gradle\7.0.2\fileHashes)" [_thread_blocked, id=7852, stack(0x000000bb66900000,0x000000bb66a00000)]
  0x0000020421dd2800 JavaThread "File watcher server" daemon [_thread_in_native, id=5548, stack(0x000000bb66a00000,0x000000bb66b00000)]
  0x0000020421dd9000 JavaThread "File watcher consumer" daemon [_thread_blocked, id=2052, stack(0x000000bb66b00000,0x000000bb66c00000)]
  0x0000020421dd3000 JavaThread "jar transforms" [_thread_blocked, id=10880, stack(0x000000bb66c00000,0x000000bb66d00000)]
  0x0000020421dd7000 JavaThread "jar transforms Thread 2" [_thread_blocked, id=10940, stack(0x000000bb66d00000,0x000000bb66e00000)]
  0x0000020423ca9800 JavaThread "Cache worker for checksums cache (C:\Users\79045\AndroidStudioProjects\Magic_ball\.gradle\checksums)" [_thread_blocked, id=13656, stack(0x000000bb66e00000,0x000000bb66f00000)]
  0x0000020423ca8000 JavaThread "Cache worker for cache directory md-supplier (C:\Users\79045\.gradle\caches\7.0.2\md-supplier)" [_thread_blocked, id=13652, stack(0x000000bb66f00000,0x000000bb67000000)]
  0x0000020423cab000 JavaThread "Cache worker for cache directory md-rule (C:\Users\79045\.gradle\caches\7.0.2\md-rule)" [_thread_blocked, id=2768, stack(0x000000bb67000000,0x000000bb67100000)]
  0x0000020423ca5800 JavaThread "Cache worker for execution history cache (C:\Users\79045\.gradle\caches\7.0.2\executionHistory)" [_thread_blocked, id=12572, stack(0x000000bb67100000,0x000000bb67200000)]
  0x0000020423caa800 JavaThread "Cache worker for file content cache (C:\Users\79045\.gradle\caches\7.0.2\fileContent)" [_thread_blocked, id=9016, stack(0x000000bb67200000,0x000000bb67300000)]
  0x0000020423ca7000 JavaThread "Cache worker for dependencies-accessors (C:\Users\79045\AndroidStudioProjects\Magic_ball\.gradle\7.0.2\dependencies-accessors)" [_thread_blocked, id=9588, stack(0x000000bb67300000,0x000000bb67400000)]
  0x0000020423ca9000 JavaThread "Cache worker for Build Output Cleanup Cache (C:\Users\79045\AndroidStudioProjects\Magic_ball\.gradle\buildOutputCleanup)" [_thread_blocked, id=3224, stack(0x000000bb67400000,0x000000bb67500000)]
  0x00000204244be800 JavaThread "Build operations" [_thread_blocked, id=9616, stack(0x000000bb67500000,0x000000bb67600000)]
  0x00000204244c0800 JavaThread "Build operations Thread 2" [_thread_blocked, id=11292, stack(0x000000bb67600000,0x000000bb67700000)]
  0x00000204244c1800 JavaThread "Memory manager" [_thread_blocked, id=11520, stack(0x000000bb67700000,0x000000bb67800000)]

Other Threads:
  0x000002041f34d800 VMThread "VM Thread" [stack: 0x000000bb65000000,0x000000bb65100000] [id=7948]
  0x000002041fd93000 WatcherThread [stack: 0x000000bb65a00000,0x000000bb65b00000] [id=10660]
  0x0000020405b0c000 GCTaskThread "GC Thread#0" [stack: 0x000000bb64b00000,0x000000bb64c00000] [id=10592]
  0x000002041fe32800 GCTaskThread "GC Thread#1" [stack: 0x000000bb65b00000,0x000000bb65c00000] [id=12040]
  0x0000020405b3b000 ConcurrentGCThread "G1 Main Marker" [stack: 0x000000bb64c00000,0x000000bb64d00000] [id=6164]
  0x0000020405b3c800 ConcurrentGCThread "G1 Conc#0" [stack: 0x000000bb64d00000,0x000000bb64e00000] [id=9492]
  0x0000020405b8c800 ConcurrentGCThread "G1 Refine#0" [stack: 0x000000bb64e00000,0x000000bb64f00000] [id=11500]
  0x0000020405b8d800 ConcurrentGCThread "G1 Young RemSet Sampling" [stack: 0x000000bb64f00000,0x000000bb65000000] [id=716]

Threads with active compile tasks:

VM state:not at safepoint (normal execution)

VM Mutex/Monitor currently owned by a thread: None

Heap address: 0x0000000080000000, size: 2048 MB, Compressed Oops mode: 32-bit
Narrow klass base: 0x0000000000000000, Narrow klass shift: 3
Compressed class space size: 1073741824 Address: 0x0000000100000000

Heap:
 garbage-first heap   total 206848K, used 100111K [0x0000000080000000, 0x0000000100000000)
  region size 1024K, 18 young (18432K), 8 survivors (8192K)
 Metaspace       used 80190K, capacity 82279K, committed 82632K, reserved 1120256K
  class space    used 10261K, capacity 11022K, committed 11136K, reserved 1048576K
Heap Regions: E=young(eden), S=young(survivor), O=old, HS=humongous(starts), HC=humongous(continues), CS=collection set, F=free, A=archive, TAMS=top-at-mark-start (previous, next)
|   0|0x0000000080000000, 0x0000000080100000, 0x0000000080100000|100%| O|  |TAMS 0x0000000080100000, 0x0000000080000000| Untracked 
|   1|0x0000000080100000, 0x0000000080200000, 0x0000000080200000|100%| O|  |TAMS 0x0000000080200000, 0x0000000080100000| Untracked 
|   2|0x0000000080200000, 0x0000000080300000, 0x0000000080300000|100%| O|  |TAMS 0x0000000080300000, 0x0000000080200000| Untracked 
|   3|0x0000000080300000, 0x0000000080400000, 0x0000000080400000|100%| O|  |TAMS 0x0000000080400000, 0x0000000080300000| Untracked 
|   4|0x0000000080400000, 0x0000000080500000, 0x0000000080500000|100%|HS|  |TAMS 0x0000000080500000, 0x0000000080400000| Complete 
|   5|0x0000000080500000, 0x0000000080600000, 0x0000000080600000|100%|HC|  |TAMS 0x0000000080600000, 0x0000000080500000| Complete 
|   6|0x0000000080600000, 0x0000000080700000, 0x0000000080700000|100%|HC|  |TAMS 0x0000000080700000, 0x0000000080600000| Complete 
|   7|0x0000000080700000, 0x0000000080800000, 0x0000000080800000|100%| O|  |TAMS 0x0000000080800000, 0x0000000080700000| Untracked 
|   8|0x0000000080800000, 0x0000000080900000, 0x0000000080900000|100%| O|  |TAMS 0x0000000080900000, 0x0000000080800000| Untracked 
|   9|0x0000000080900000, 0x0000000080a00000, 0x0000000080a00000|100%| O|  |TAMS 0x0000000080a00000, 0x0000000080900000| Untracked 
|  10|0x0000000080a00000, 0x0000000080b00000, 0x0000000080b00000|100%| O|  |TAMS 0x0000000080b00000, 0x0000000080a00000| Untracked 
|  11|0x0000000080b00000, 0x0000000080c00000, 0x0000000080c00000|100%| O|  |TAMS 0x0000000080c00000, 0x0000000080b00000| Untracked 
|  12|0x0000000080c00000, 0x0000000080d00000, 0x0000000080d00000|100%| O|  |TAMS 0x0000000080d00000, 0x0000000080c00000| Untracked 
|  13|0x0000000080d00000, 0x0000000080e00000, 0x0000000080e00000|100%| O|  |TAMS 0x0000000080e00000, 0x0000000080d00000| Untracked 
|  14|0x0000000080e00000, 0x0000000080f00000, 0x0000000080f00000|100%| O|  |TAMS 0x0000000080f00000, 0x0000000080e00000| Untracked 
|  15|0x0000000080f00000, 0x0000000081000000, 0x0000000081000000|100%| O|  |TAMS 0x0000000081000000, 0x0000000080f00000| Untracked 
|  16|0x0000000081000000, 0x0000000081100000, 0x0000000081100000|100%|HS|  |TAMS 0x0000000081100000, 0x0000000081000000| Complete 
|  17|0x0000000081100000, 0x0000000081200000, 0x0000000081200000|100%|HC|  |TAMS 0x0000000081200000, 0x0000000081100000| Complete 
|  18|0x0000000081200000, 0x0000000081300000, 0x0000000081300000|100%|HS|  |TAMS 0x0000000081300000, 0x0000000081200000| Complete 
|  19|0x0000000081300000, 0x0000000081400000, 0x0000000081400000|100%|HC|  |TAMS 0x0000000081400000, 0x0000000081300000| Complete 
|  20|0x0000000081400000, 0x0000000081500000, 0x0000000081500000|100%|HC|  |TAMS 0x0000000081500000, 0x0000000081400000| Complete 
|  21|0x0000000081500000, 0x0000000081600000, 0x0000000081600000|100%|HS|  |TAMS 0x0000000081600000, 0x0000000081500000| Complete 
|  22|0x0000000081600000, 0x0000000081700000, 0x0000000081700000|100%|HC|  |TAMS 0x0000000081700000, 0x0000000081600000| Complete 
|  23|0x0000000081700000, 0x0000000081800000, 0x0000000081800000|100%|HC|  |TAMS 0x0000000081800000, 0x0000000081700000| Complete 
|  24|0x0000000081800000, 0x0000000081900000, 0x0000000081900000|100%|HC|  |TAMS 0x0000000081900000, 0x0000000081800000| Complete 
|  25|0x0000000081900000, 0x0000000081a00000, 0x0000000081a00000|100%|HC|  |TAMS 0x0000000081a00000, 0x0000000081900000| Complete 
|  26|0x0000000081a00000, 0x0000000081b00000, 0x0000000081b00000|100%| O|  |TAMS 0x0000000081b00000, 0x0000000081a00000| Untracked 
|  27|0x0000000081b00000, 0x0000000081c00000, 0x0000000081c00000|100%| O|  |TAMS 0x0000000081c00000, 0x0000000081b00000| Untracked 
|  28|0x0000000081c00000, 0x0000000081d00000, 0x0000000081d00000|100%| O|  |TAMS 0x0000000081d00000, 0x0000000081c00000| Untracked 
|  29|0x0000000081d00000, 0x0000000081e00000, 0x0000000081e00000|100%| O|  |TAMS 0x0000000081e00000, 0x0000000081d00000| Untracked 
|  30|0x0000000081e00000, 0x0000000081f00000, 0x0000000081f00000|100%| O|  |TAMS 0x0000000081f00000, 0x0000000081e00000| Untracked 
|  31|0x0000000081f00000, 0x0000000082000000, 0x0000000082000000|100%| O|  |TAMS 0x0000000082000000, 0x0000000081f00000| Untracked 
|  32|0x0000000082000000, 0x0000000082100000, 0x0000000082100000|100%| O|  |TAMS 0x0000000082100000, 0x0000000082000000| Untracked 
|  33|0x0000000082100000, 0x0000000082200000, 0x0000000082200000|100%| O|  |TAMS 0x0000000082200000, 0x0000000082100000| Untracked 
|  34|0x0000000082200000, 0x0000000082300000, 0x0000000082300000|100%| O|  |TAMS 0x0000000082300000, 0x0000000082200000| Untracked 
|  35|0x0000000082300000, 0x0000000082400000, 0x0000000082400000|100%| O|  |TAMS 0x0000000082400000, 0x0000000082300000| Untracked 
|  36|0x0000000082400000, 0x0000000082500000, 0x0000000082500000|100%|HS|  |TAMS 0x0000000082500000, 0x0000000082400000| Complete 
|  37|0x0000000082500000, 0x0000000082600000, 0x0000000082600000|100%|HC|  |TAMS 0x0000000082600000, 0x0000000082500000| Complete 
|  38|0x0000000082600000, 0x0000000082700000, 0x0000000082700000|100%|HC|  |TAMS 0x0000000082700000, 0x0000000082600000| Complete 
|  39|0x0000000082700000, 0x0000000082800000, 0x0000000082800000|100%|HC|  |TAMS 0x0000000082800000, 0x0000000082700000| Complete 
|  40|0x0000000082800000, 0x0000000082900000, 0x0000000082900000|100%|HC|  |TAMS 0x0000000082900000, 0x0000000082800000| Complete 
|  41|0x0000000082900000, 0x0000000082a00000, 0x0000000082a00000|100%| O|  |TAMS 0x0000000082a00000, 0x0000000082900000| Untracked 
|  42|0x0000000082a00000, 0x0000000082b00000, 0x0000000082b00000|100%| O|  |TAMS 0x0000000082b00000, 0x0000000082a00000| Untracked 
|  43|0x0000000082b00000, 0x0000000082c00000, 0x0000000082c00000|100%| O|  |TAMS 0x0000000082c00000, 0x0000000082b00000| Untracked 
|  44|0x0000000082c00000, 0x0000000082d00000, 0x0000000082d00000|100%| O|  |TAMS 0x0000000082d00000, 0x0000000082c00000| Untracked 
|  45|0x0000000082d00000, 0x0000000082e00000, 0x0000000082e00000|100%| O|  |TAMS 0x0000000082e00000, 0x0000000082d00000| Untracked 
|  46|0x0000000082e00000, 0x0000000082f00000, 0x0000000082f00000|100%|HS|  |TAMS 0x0000000082f00000, 0x0000000082e00000| Complete 
|  47|0x0000000082f00000, 0x0000000083000000, 0x0000000083000000|100%|HC|  |TAMS 0x0000000083000000, 0x0000000082f00000| Complete 
|  48|0x0000000083000000, 0x0000000083100000, 0x0000000083100000|100%|HC|  |TAMS 0x0000000083100000, 0x0000000083000000| Complete 
|  49|0x0000000083100000, 0x0000000083200000, 0x0000000083200000|100%| O|  |TAMS 0x0000000083200000, 0x0000000083100000| Untracked 
|  50|0x0000000083200000, 0x0000000083300000, 0x0000000083300000|100%| O|  |TAMS 0x0000000083300000, 0x0000000083200000| Untracked 
|  51|0x0000000083300000, 0x0000000083400000, 0x0000000083400000|100%| O|  |TAMS 0x0000000083400000, 0x0000000083300000| Untracked 
|  52|0x0000000083400000, 0x0000000083500000, 0x0000000083500000|100%| O|  |TAMS 0x0000000083500000, 0x0000000083400000| Untracked 
|  53|0x0000000083500000, 0x0000000083600000, 0x0000000083600000|100%| O|  |TAMS 0x0000000083600000, 0x0000000083500000| Untracked 
|  54|0x0000000083600000, 0x0000000083700000, 0x0000000083700000|100%| O|  |TAMS 0x0000000083700000, 0x0000000083600000| Untracked 
|  55|0x0000000083700000, 0x0000000083800000, 0x0000000083800000|100%|HS|  |TAMS 0x0000000083800000, 0x0000000083700000| Complete 
|  56|0x0000000083800000, 0x0000000083900000, 0x0000000083900000|100%|HS|  |TAMS 0x0000000083900000, 0x0000000083800000| Complete 
|  57|0x0000000083900000, 0x0000000083a00000, 0x0000000083a00000|100%|HS|  |TAMS 0x0000000083a00000, 0x0000000083900000| Complete 
|  58|0x0000000083a00000, 0x0000000083b00000, 0x0000000083b00000|100%| O|  |TAMS 0x0000000083b00000, 0x0000000083a00000| Untracked 
|  59|0x0000000083b00000, 0x0000000083c00000, 0x0000000083c00000|100%| O|  |TAMS 0x0000000083c00000, 0x0000000083b00000| Untracked 
|  60|0x0000000083c00000, 0x0000000083d00000, 0x0000000083d00000|100%| O|  |TAMS 0x0000000083d00000, 0x0000000083c00000| Untracked 
|  61|0x0000000083d00000, 0x0000000083e00000, 0x0000000083e00000|100%| O|  |TAMS 0x0000000083e00000, 0x0000000083d00000| Untracked 
|  62|0x0000000083e00000, 0x0000000083f00000, 0x0000000083f00000|100%|HS|  |TAMS 0x0000000083f00000, 0x0000000083e00000| Complete 
|  63|0x0000000083f00000, 0x0000000084000000, 0x0000000084000000|100%|HC|  |TAMS 0x0000000084000000, 0x0000000083f00000| Complete 
|  64|0x0000000084000000, 0x0000000084100000, 0x0000000084100000|100%|HC|  |TAMS 0x0000000084100000, 0x0000000084000000| Complete 
|  65|0x0000000084100000, 0x0000000084200000, 0x0000000084200000|100%|HS|  |TAMS 0x0000000084200000, 0x0000000084100000| Complete 
|  66|0x0000000084200000, 0x0000000084300000, 0x0000000084300000|100%|HC|  |TAMS 0x0000000084300000, 0x0000000084200000| Complete 
|  67|0x0000000084300000, 0x0000000084400000, 0x0000000084400000|100%| O|  |TAMS 0x0000000084400000, 0x0000000084300000| Untracked 
|  68|0x0000000084400000, 0x0000000084500000, 0x0000000084500000|100%| O|  |TAMS 0x0000000084500000, 0x0000000084400000| Untracked 
|  69|0x0000000084500000, 0x0000000084600000, 0x0000000084600000|100%| O|  |TAMS 0x0000000084600000, 0x0000000084500000| Untracked 
|  70|0x0000000084600000, 0x0000000084700000, 0x0000000084700000|100%| O|  |TAMS 0x0000000084700000, 0x0000000084600000| Untracked 
|  71|0x0000000084700000, 0x0000000084800000, 0x0000000084800000|100%| O|  |TAMS 0x0000000084800000, 0x0000000084700000| Untracked 
|  72|0x0000000084800000, 0x0000000084900000, 0x0000000084900000|100%| O|  |TAMS 0x0000000084900000, 0x0000000084800000| Untracked 
|  73|0x0000000084900000, 0x0000000084a00000, 0x0000000084a00000|100%| O|  |TAMS 0x0000000084a00000, 0x0000000084900000| Untracked 
|  74|0x0000000084a00000, 0x0000000084b00000, 0x0000000084b00000|100%| O|  |TAMS 0x0000000084b00000, 0x0000000084a00000| Untracked 
|  75|0x0000000084b00000, 0x0000000084c00000, 0x0000000084c00000|100%| O|  |TAMS 0x0000000084c00000, 0x0000000084b00000| Untracked 
|  76|0x0000000084c00000, 0x0000000084d00000, 0x0000000084d00000|100%| O|  |TAMS 0x0000000084d00000, 0x0000000084c00000| Untracked 
|  77|0x0000000084d00000, 0x0000000084e00000, 0x0000000084e00000|100%| O|  |TAMS 0x0000000084e00000, 0x0000000084d00000| Untracked 
|  78|0x0000000084e00000, 0x0000000084f00000, 0x0000000084f00000|100%| O|  |TAMS 0x0000000084f00000, 0x0000000084e00000| Untracked 
|  79|0x0000000084f00000, 0x0000000085000000, 0x0000000085000000|100%| O|  |TAMS 0x0000000085000000, 0x0000000084f00000| Untracked 
|  80|0x0000000085000000, 0x0000000085100000, 0x0000000085100000|100%| O|  |TAMS 0x0000000085100000, 0x0000000085000000| Untracked 
|  81|0x0000000085100000, 0x0000000085140800, 0x0000000085200000| 25%| O|  |TAMS 0x0000000085140800, 0x0000000085100000| Untracked 
|  82|0x0000000085200000, 0x0000000085200000, 0x0000000085300000|  0%| F|  |TAMS 0x0000000085200000, 0x0000000085200000| Untracked 
|  83|0x0000000085300000, 0x0000000085300000, 0x0000000085400000|  0%| F|  |TAMS 0x0000000085300000, 0x0000000085300000| Untracked 
|  84|0x0000000085400000, 0x0000000085400000, 0x0000000085500000|  0%| F|  |TAMS 0x0000000085400000, 0x0000000085400000| Untracked 
|  85|0x0000000085500000, 0x0000000085500000, 0x0000000085600000|  0%| F|  |TAMS 0x0000000085500000, 0x0000000085500000| Untracked 
|  86|0x0000000085600000, 0x0000000085600000, 0x0000000085700000|  0%| F|  |TAMS 0x0000000085600000, 0x0000000085600000| Untracked 
|  87|0x0000000085700000, 0x0000000085700000, 0x0000000085800000|  0%| F|  |TAMS 0x0000000085700000, 0x0000000085700000| Untracked 
|  88|0x0000000085800000, 0x0000000085800000, 0x0000000085900000|  0%| F|  |TAMS 0x0000000085800000, 0x0000000085800000| Untracked 
|  89|0x0000000085900000, 0x0000000085900000, 0x0000000085a00000|  0%| F|  |TAMS 0x0000000085900000, 0x0000000085900000| Untracked 
|  90|0x0000000085a00000, 0x0000000085a00000, 0x0000000085b00000|  0%| F|  |TAMS 0x0000000085a00000, 0x0000000085a00000| Untracked 
|  91|0x0000000085b00000, 0x0000000085b00000, 0x0000000085c00000|  0%| F|  |TAMS 0x0000000085b00000, 0x0000000085b00000| Untracked 
|  92|0x0000000085c00000, 0x0000000085c00000, 0x0000000085d00000|  0%| F|  |TAMS 0x0000000085c00000, 0x0000000085c00000| Untracked 
|  93|0x0000000085d00000, 0x0000000085d00000, 0x0000000085e00000|  0%| F|  |TAMS 0x0000000085d00000, 0x0000000085d00000| Untracked 
|  94|0x0000000085e00000, 0x0000000085e00000, 0x0000000085f00000|  0%| F|  |TAMS 0x0000000085e00000, 0x0000000085e00000| Untracked 
|  95|0x0000000085f00000, 0x0000000085f00000, 0x0000000086000000|  0%| F|  |TAMS 0x0000000085f00000, 0x0000000085f00000| Untracked 
|  96|0x0000000086000000, 0x0000000086000000, 0x0000000086100000|  0%| F|  |TAMS 0x0000000086000000, 0x0000000086000000| Untracked 
|  97|0x0000000086100000, 0x0000000086100000, 0x0000000086200000|  0%| F|  |TAMS 0x0000000086100000, 0x0000000086100000| Untracked 
|  98|0x0000000086200000, 0x0000000086200000, 0x0000000086300000|  0%| F|  |TAMS 0x0000000086200000, 0x0000000086200000| Untracked 
|  99|0x0000000086300000, 0x0000000086300000, 0x0000000086400000|  0%| F|  |TAMS 0x0000000086300000, 0x0000000086300000| Untracked 
| 100|0x0000000086400000, 0x0000000086400000, 0x0000000086500000|  0%| F|  |TAMS 0x0000000086400000, 0x0000000086400000| Untracked 
| 101|0x0000000086500000, 0x0000000086500000, 0x0000000086600000|  0%| F|  |TAMS 0x0000000086500000, 0x0000000086500000| Untracked 
| 102|0x0000000086600000, 0x0000000086600000, 0x0000000086700000|  0%| F|  |TAMS 0x0000000086600000, 0x0000000086600000| Untracked 
| 103|0x0000000086700000, 0x0000000086700000, 0x0000000086800000|  0%| F|  |TAMS 0x0000000086700000, 0x0000000086700000| Untracked 
| 104|0x0000000086800000, 0x0000000086800000, 0x0000000086900000|  0%| F|  |TAMS 0x0000000086800000, 0x0000000086800000| Untracked 
| 105|0x0000000086900000, 0x0000000086900000, 0x0000000086a00000|  0%| F|  |TAMS 0x0000000086900000, 0x0000000086900000| Untracked 
| 106|0x0000000086a00000, 0x0000000086a00000, 0x0000000086b00000|  0%| F|  |TAMS 0x0000000086a00000, 0x0000000086a00000| Untracked 
| 107|0x0000000086b00000, 0x0000000086b00000, 0x0000000086c00000|  0%| F|  |TAMS 0x0000000086b00000, 0x0000000086b00000| Untracked 
| 108|0x0000000086c00000, 0x0000000086c00000, 0x0000000086d00000|  0%| F|  |TAMS 0x0000000086c00000, 0x0000000086c00000| Untracked 
| 109|0x0000000086d00000, 0x0000000086d00000, 0x0000000086e00000|  0%| F|  |TAMS 0x0000000086d00000, 0x0000000086d00000| Untracked 
| 110|0x0000000086e00000, 0x0000000086e00000, 0x0000000086f00000|  0%| F|  |TAMS 0x0000000086e00000, 0x0000000086e00000| Untracked 
| 111|0x0000000086f00000, 0x0000000086f00000, 0x0000000087000000|  0%| F|  |TAMS 0x0000000086f00000, 0x0000000086f00000| Untracked 
| 112|0x0000000087000000, 0x0000000087000000, 0x0000000087100000|  0%| F|  |TAMS 0x0000000087000000, 0x0000000087000000| Untracked 
| 113|0x0000000087100000, 0x0000000087100000, 0x0000000087200000|  0%| F|  |TAMS 0x0000000087100000, 0x0000000087100000| Untracked 
| 114|0x0000000087200000, 0x0000000087200000, 0x0000000087300000|  0%| F|  |TAMS 0x0000000087200000, 0x0000000087200000| Untracked 
| 115|0x0000000087300000, 0x0000000087300000, 0x0000000087400000|  0%| F|  |TAMS 0x0000000087300000, 0x0000000087300000| Untracked 
| 116|0x0000000087400000, 0x0000000087400000, 0x0000000087500000|  0%| F|  |TAMS 0x0000000087400000, 0x0000000087400000| Untracked 
| 117|0x0000000087500000, 0x0000000087500000, 0x0000000087600000|  0%| F|  |TAMS 0x0000000087500000, 0x0000000087500000| Untracked 
| 118|0x0000000087600000, 0x0000000087600000, 0x0000000087700000|  0%| F|  |TAMS 0x0000000087600000, 0x0000000087600000| Untracked 
| 119|0x0000000087700000, 0x0000000087700000, 0x0000000087800000|  0%| F|  |TAMS 0x0000000087700000, 0x0000000087700000| Untracked 
| 120|0x0000000087800000, 0x0000000087800000, 0x0000000087900000|  0%| F|  |TAMS 0x0000000087800000, 0x0000000087800000| Untracked 
| 121|0x0000000087900000, 0x0000000087900000, 0x0000000087a00000|  0%| F|  |TAMS 0x0000000087900000, 0x0000000087900000| Untracked 
| 122|0x0000000087a00000, 0x0000000087a00000, 0x0000000087b00000|  0%| F|  |TAMS 0x0000000087a00000, 0x0000000087a00000| Untracked 
| 123|0x0000000087b00000, 0x0000000087b00000, 0x0000000087c00000|  0%| F|  |TAMS 0x0000000087b00000, 0x0000000087b00000| Untracked 
| 124|0x0000000087c00000, 0x0000000087c00000, 0x0000000087d00000|  0%| F|  |TAMS 0x0000000087c00000, 0x0000000087c00000| Untracked 
| 125|0x0000000087d00000, 0x0000000087d00000, 0x0000000087e00000|  0%| F|  |TAMS 0x0000000087d00000, 0x0000000087d00000| Untracked 
| 126|0x0000000087e00000, 0x0000000087e00000, 0x0000000087f00000|  0%| F|  |TAMS 0x0000000087e00000, 0x0000000087e00000| Untracked 
| 127|0x0000000087f00000, 0x0000000087f00000, 0x0000000088000000|  0%| F|  |TAMS 0x0000000087f00000, 0x0000000087f00000| Untracked 
| 128|0x0000000088000000, 0x0000000088000000, 0x0000000088100000|  0%| F|  |TAMS 0x0000000088000000, 0x0000000088000000| Untracked 
| 129|0x0000000088100000, 0x0000000088100000, 0x0000000088200000|  0%| F|  |TAMS 0x0000000088100000, 0x0000000088100000| Untracked 
| 130|0x0000000088200000, 0x0000000088200000, 0x0000000088300000|  0%| F|  |TAMS 0x0000000088200000, 0x0000000088200000| Untracked 
| 131|0x0000000088300000, 0x0000000088300000, 0x0000000088400000|  0%| F|  |TAMS 0x0000000088300000, 0x0000000088300000| Untracked 
| 132|0x0000000088400000, 0x0000000088400000, 0x0000000088500000|  0%| F|  |TAMS 0x0000000088400000, 0x0000000088400000| Untracked 
| 133|0x0000000088500000, 0x0000000088500000, 0x0000000088600000|  0%| F|  |TAMS 0x0000000088500000, 0x0000000088500000| Untracked 
| 134|0x0000000088600000, 0x0000000088600000, 0x0000000088700000|  0%| F|  |TAMS 0x0000000088600000, 0x0000000088600000| Untracked 
| 135|0x0000000088700000, 0x0000000088700000, 0x0000000088800000|  0%| F|  |TAMS 0x0000000088700000, 0x0000000088700000| Untracked 
| 136|0x0000000088800000, 0x0000000088800000, 0x0000000088900000|  0%| F|  |TAMS 0x0000000088800000, 0x0000000088800000| Untracked 
| 137|0x0000000088900000, 0x00000000889837d0, 0x0000000088a00000| 51%| S|CS|TAMS 0x0000000088900000, 0x0000000088900000| Complete 
| 138|0x0000000088a00000, 0x0000000088b00000, 0x0000000088b00000|100%| S|CS|TAMS 0x0000000088a00000, 0x0000000088a00000| Complete 
| 139|0x0000000088b00000, 0x0000000088c00000, 0x0000000088c00000|100%| S|CS|TAMS 0x0000000088b00000, 0x0000000088b00000| Complete 
| 140|0x0000000088c00000, 0x0000000088d00000, 0x0000000088d00000|100%| S|CS|TAMS 0x0000000088c00000, 0x0000000088c00000| Complete 
| 141|0x0000000088d00000, 0x0000000088e00000, 0x0000000088e00000|100%| S|CS|TAMS 0x0000000088d00000, 0x0000000088d00000| Complete 
| 142|0x0000000088e00000, 0x0000000088f00000, 0x0000000088f00000|100%| S|CS|TAMS 0x0000000088e00000, 0x0000000088e00000| Complete 
| 143|0x0000000088f00000, 0x0000000089000000, 0x0000000089000000|100%| S|CS|TAMS 0x0000000088f00000, 0x0000000088f00000| Complete 
| 144|0x0000000089000000, 0x0000000089100000, 0x0000000089100000|100%| S|CS|TAMS 0x0000000089000000, 0x0000000089000000| Complete 
| 145|0x0000000089100000, 0x0000000089100000, 0x0000000089200000|  0%| F|  |TAMS 0x0000000089100000, 0x0000000089100000| Untracked 
| 146|0x0000000089200000, 0x0000000089200000, 0x0000000089300000|  0%| F|  |TAMS 0x0000000089200000, 0x0000000089200000| Untracked 
| 147|0x0000000089300000, 0x0000000089300000, 0x0000000089400000|  0%| F|  |TAMS 0x0000000089300000, 0x0000000089300000| Untracked 
| 148|0x0000000089400000, 0x0000000089400000, 0x0000000089500000|  0%| F|  |TAMS 0x0000000089400000, 0x0000000089400000| Untracked 
| 149|0x0000000089500000, 0x0000000089500000, 0x0000000089600000|  0%| F|  |TAMS 0x0000000089500000, 0x0000000089500000| Untracked 
| 150|0x0000000089600000, 0x0000000089600000, 0x0000000089700000|  0%| F|  |TAMS 0x0000000089600000, 0x0000000089600000| Untracked 
| 151|0x0000000089700000, 0x0000000089700000, 0x0000000089800000|  0%| F|  |TAMS 0x0000000089700000, 0x0000000089700000| Untracked 
| 152|0x0000000089800000, 0x0000000089800000, 0x0000000089900000|  0%| F|  |TAMS 0x0000000089800000, 0x0000000089800000| Untracked 
| 153|0x0000000089900000, 0x0000000089900000, 0x0000000089a00000|  0%| F|  |TAMS 0x0000000089900000, 0x0000000089900000| Untracked 
| 154|0x0000000089a00000, 0x0000000089a00000, 0x0000000089b00000|  0%| F|  |TAMS 0x0000000089a00000, 0x0000000089a00000| Untracked 
| 155|0x0000000089b00000, 0x0000000089b00000, 0x0000000089c00000|  0%| F|  |TAMS 0x0000000089b00000, 0x0000000089b00000| Untracked 
| 156|0x0000000089c00000, 0x0000000089c00000, 0x0000000089d00000|  0%| F|  |TAMS 0x0000000089c00000, 0x0000000089c00000| Untracked 
| 157|0x0000000089d00000, 0x0000000089d00000, 0x0000000089e00000|  0%| F|  |TAMS 0x0000000089d00000, 0x0000000089d00000| Untracked 
| 158|0x0000000089e00000, 0x0000000089e00000, 0x0000000089f00000|  0%| F|  |TAMS 0x0000000089e00000, 0x0000000089e00000| Untracked 
| 159|0x0000000089f00000, 0x0000000089f00000, 0x000000008a000000|  0%| F|  |TAMS 0x0000000089f00000, 0x0000000089f00000| Untracked 
| 160|0x000000008a000000, 0x000000008a000000, 0x000000008a100000|  0%| F|  |TAMS 0x000000008a000000, 0x000000008a000000| Untracked 
| 161|0x000000008a100000, 0x000000008a100000, 0x000000008a200000|  0%| F|  |TAMS 0x000000008a100000, 0x000000008a100000| Untracked 
| 162|0x000000008a200000, 0x000000008a200000, 0x000000008a300000|  0%| F|  |TAMS 0x000000008a200000, 0x000000008a200000| Untracked 
| 163|0x000000008a300000, 0x000000008a300000, 0x000000008a400000|  0%| F|  |TAMS 0x000000008a300000, 0x000000008a300000| Untracked 
| 164|0x000000008a400000, 0x000000008a400000, 0x000000008a500000|  0%| F|  |TAMS 0x000000008a400000, 0x000000008a400000| Untracked 
| 165|0x000000008a500000, 0x000000008a500000, 0x000000008a600000|  0%| F|  |TAMS 0x000000008a500000, 0x000000008a500000| Untracked 
| 166|0x000000008a600000, 0x000000008a600000, 0x000000008a700000|  0%| F|  |TAMS 0x000000008a600000, 0x000000008a600000| Untracked 
| 167|0x000000008a700000, 0x000000008a700000, 0x000000008a800000|  0%| F|  |TAMS 0x000000008a700000, 0x000000008a700000| Untracked 
| 168|0x000000008a800000, 0x000000008a800000, 0x000000008a900000|  0%| F|  |TAMS 0x000000008a800000, 0x000000008a800000| Untracked 
| 169|0x000000008a900000, 0x000000008a900000, 0x000000008aa00000|  0%| F|  |TAMS 0x000000008a900000, 0x000000008a900000| Untracked 
| 170|0x000000008aa00000, 0x000000008aa00000, 0x000000008ab00000|  0%| F|  |TAMS 0x000000008aa00000, 0x000000008aa00000| Untracked 
| 171|0x000000008ab00000, 0x000000008ab00000, 0x000000008ac00000|  0%| F|  |TAMS 0x000000008ab00000, 0x000000008ab00000| Untracked 
| 172|0x000000008ac00000, 0x000000008ac00000, 0x000000008ad00000|  0%| F|  |TAMS 0x000000008ac00000, 0x000000008ac00000| Untracked 
| 173|0x000000008ad00000, 0x000000008ad00000, 0x000000008ae00000|  0%| F|  |TAMS 0x000000008ad00000, 0x000000008ad00000| Untracked 
| 174|0x000000008ae00000, 0x000000008ae00000, 0x000000008af00000|  0%| F|  |TAMS 0x000000008ae00000, 0x000000008ae00000| Untracked 
| 175|0x000000008af00000, 0x000000008af00000, 0x000000008b000000|  0%| F|  |TAMS 0x000000008af00000, 0x000000008af00000| Untracked 
| 176|0x000000008b000000, 0x000000008b000000, 0x000000008b100000|  0%| F|  |TAMS 0x000000008b000000, 0x000000008b000000| Untracked 
| 177|0x000000008b100000, 0x000000008b100000, 0x000000008b200000|  0%| F|  |TAMS 0x000000008b100000, 0x000000008b100000| Untracked 
| 178|0x000000008b200000, 0x000000008b200000, 0x000000008b300000|  0%| F|  |TAMS 0x000000008b200000, 0x000000008b200000| Untracked 
| 179|0x000000008b300000, 0x000000008b300000, 0x000000008b400000|  0%| F|  |TAMS 0x000000008b300000, 0x000000008b300000| Untracked 
| 180|0x000000008b400000, 0x000000008b400000, 0x000000008b500000|  0%| F|  |TAMS 0x000000008b400000, 0x000000008b400000| Untracked 
| 181|0x000000008b500000, 0x000000008b500000, 0x000000008b600000|  0%| F|  |TAMS 0x000000008b500000, 0x000000008b500000| Untracked 
| 182|0x000000008b600000, 0x000000008b600000, 0x000000008b700000|  0%| F|  |TAMS 0x000000008b600000, 0x000000008b600000| Untracked 
| 183|0x000000008b700000, 0x000000008b700000, 0x000000008b800000|  0%| F|  |TAMS 0x000000008b700000, 0x000000008b700000| Untracked 
| 184|0x000000008b800000, 0x000000008b800000, 0x000000008b900000|  0%| F|  |TAMS 0x000000008b800000, 0x000000008b800000| Untracked 
| 185|0x000000008b900000, 0x000000008b900000, 0x000000008ba00000|  0%| F|  |TAMS 0x000000008b900000, 0x000000008b900000| Untracked 
| 186|0x000000008ba00000, 0x000000008ba00000, 0x000000008bb00000|  0%| F|  |TAMS 0x000000008ba00000, 0x000000008ba00000| Untracked 
| 187|0x000000008bb00000, 0x000000008bb00000, 0x000000008bc00000|  0%| F|  |TAMS 0x000000008bb00000, 0x000000008bb00000| Untracked 
| 188|0x000000008bc00000, 0x000000008bc00000, 0x000000008bd00000|  0%| F|  |TAMS 0x000000008bc00000, 0x000000008bc00000| Untracked 
| 189|0x000000008bd00000, 0x000000008bd00000, 0x000000008be00000|  0%| F|  |TAMS 0x000000008bd00000, 0x000000008bd00000| Untracked 
| 190|0x000000008be00000, 0x000000008be00000, 0x000000008bf00000|  0%| F|  |TAMS 0x000000008be00000, 0x000000008be00000| Untracked 
| 191|0x000000008bf00000, 0x000000008bf00000, 0x000000008c000000|  0%| F|  |TAMS 0x000000008bf00000, 0x000000008bf00000| Untracked 
| 192|0x000000008c000000, 0x000000008c080800, 0x000000008c100000| 50%| E|  |TAMS 0x000000008c000000, 0x000000008c000000| Complete 
| 193|0x000000008c100000, 0x000000008c200000, 0x000000008c200000|100%| E|CS|TAMS 0x000000008c100000, 0x000000008c100000| Complete 
| 194|0x000000008c200000, 0x000000008c300000, 0x000000008c300000|100%| E|CS|TAMS 0x000000008c200000, 0x000000008c200000| Complete 
| 195|0x000000008c300000, 0x000000008c400000, 0x000000008c400000|100%| E|CS|TAMS 0x000000008c300000, 0x000000008c300000| Complete 
| 196|0x000000008c400000, 0x000000008c500000, 0x000000008c500000|100%| E|CS|TAMS 0x000000008c400000, 0x000000008c400000| Complete 
| 197|0x000000008c500000, 0x000000008c600000, 0x000000008c600000|100%| E|CS|TAMS 0x000000008c500000, 0x000000008c500000| Complete 
| 198|0x000000008c600000, 0x000000008c700000, 0x000000008c700000|100%| E|CS|TAMS 0x000000008c600000, 0x000000008c600000| Complete 
| 199|0x000000008c700000, 0x000000008c800000, 0x000000008c800000|100%| E|CS|TAMS 0x000000008c700000, 0x000000008c700000| Complete 
| 200|0x000000008c800000, 0x000000008c900000, 0x000000008c900000|100%| E|CS|TAMS 0x000000008c800000, 0x000000008c800000| Complete 
| 201|0x000000008c900000, 0x000000008ca00000, 0x000000008ca00000|100%| E|CS|TAMS 0x000000008c900000, 0x000000008c900000| Complete 

Card table byte_map: [0x00000204189e0000,0x0000020418de0000] _byte_map_base: 0x00000204185e0000

Marking Bits (Prev, Next): (CMBitMap*) 0x0000020405b321d8, (CMBitMap*) 0x0000020405b32210
 Prev Bits: [0x00000204191e0000, 0x000002041b1e0000)
 Next Bits: [0x000002041b1e0000, 0x000002041d1e0000)

Polling page: 0x0000020403b00000

Metaspace:

Usage:
  Non-class:     69.59 MB capacity,    68.29 MB ( 98%) used,     1.10 MB (  2%) free+waste,   202.56 KB ( <1%) overhead. 
      Class:     10.76 MB capacity,    10.02 MB ( 93%) used,   666.30 KB (  6%) free+waste,    94.06 KB ( <1%) overhead. 
       Both:     80.35 MB capacity,    78.31 MB ( 97%) used,     1.75 MB (  2%) free+waste,   296.63 KB ( <1%) overhead. 

Virtual space:
  Non-class space:       70.00 MB reserved,      69.82 MB (>99%) committed 
      Class space:        1.00 GB reserved,      10.88 MB (  1%) committed 
             Both:        1.07 GB reserved,      80.70 MB (  7%) committed 

Chunk freelists:
   Non-Class:  47.00 KB
       Class:  18.00 KB
        Both:  65.00 KB

MaxMetaspaceSize: 17179869184.00 GB
CompressedClassSpaceSize: 1.00 GB

CodeHeap 'non-profiled nmethods': size=120064Kb used=4294Kb max_used=4294Kb free=115769Kb
 bounds [0x00000204110a0000, 0x00000204114e0000, 0x00000204185e0000]
CodeHeap 'profiled nmethods': size=120000Kb used=18057Kb max_used=18057Kb free=101942Kb
 bounds [0x0000020409b70000, 0x000002040ad20000, 0x00000204110a0000]
CodeHeap 'non-nmethods': size=5696Kb used=2270Kb max_used=2302Kb free=3425Kb
 bounds [0x00000204095e0000, 0x0000020409850000, 0x0000020409b70000]
 total_blobs=9288 nmethods=8407 adapters=792
 compilation: enabled
              stopped_count=0, restarted_count=0
 full_count=0

Compilation events (20 events):
Event: 36.054 Thread 0x000002041fc2b000 8489       1       org.gradle.internal.metaobject.BeanDynamicObject::access$300 (5 bytes)
Event: 36.054 Thread 0x000002041fc2b000 nmethod 8489 0x00000204114cb410 code [0x00000204114cb5c0, 0x00000204114cb658]
Event: 36.055 Thread 0x000002041fc2b000 8490       1       org.jetbrains.kotlin.gradle.plugin.mpp.KotlinAndroidTarget::getDisambiguationClassifier (5 bytes)
Event: 36.055 Thread 0x000002041fc2b000 nmethod 8490 0x00000204114cb710 code [0x00000204114cb8c0, 0x00000204114cb978]
Event: 36.056 Thread 0x000002041fc2b000 8491       1       org.gradle.internal.extensibility.ExtensionsStorage$ExtensionHolder::get (5 bytes)
Event: 36.056 Thread 0x000002041fc2b000 nmethod 8491 0x00000204114cba10 code [0x00000204114cbbc0, 0x00000204114cbc78]
Event: 36.056 Thread 0x000002041f37a800 nmethod 8439 0x00000204114cbd10 code [0x00000204114cbf00, 0x00000204114ccbc8]
Event: 36.056 Thread 0x000002041fc2b000 8492       2       org.gradle.internal.metaobject.AbstractDynamicObject::<init> (5 bytes)
Event: 36.057 Thread 0x000002041f37a800 8451       4       org.objectweb.asm.SymbolTable::addConstantUtf8Reference (101 bytes)
Event: 36.057 Thread 0x000002041fc2b000 nmethod 8492 0x000002040ad0e190 code [0x000002040ad0e340, 0x000002040ad0e438]
Event: 36.057 Thread 0x000002041fc2b000 8493       2       org.gradle.api.internal.artifacts.configurations.DefaultConfiguration::preventIllegalParentMutation (104 bytes)
Event: 36.059 Thread 0x000002041fc2b000 nmethod 8493 0x000002040ad0e510 code [0x000002040ad0e820, 0x000002040ad0f5c8]
Event: 36.060 Thread 0x000002041fc2b000 8494       1       org.gradle.api.attributes.Usage$Impl::isImmutable (3 bytes)
Event: 36.060 Thread 0x000002041fc2b000 nmethod 8494 0x00000204114cd310 code [0x00000204114cd4c0, 0x00000204114cd578]
Event: 36.061 Thread 0x000002041fc2b000 8495   !   2       jdk.internal.reflect.GeneratedConstructorAccessor14::newInstance (77 bytes)
Event: 36.062 Thread 0x000002041fc2b000 nmethod 8495 0x000002040ad0fc10 code [0x000002040ad0fe40, 0x000002040ad10498]
Event: 36.078 Thread 0x000002041fc2b000 8496       2       jdk.internal.module.Resources::toPackageName (39 bytes)
Event: 36.079 Thread 0x000002041fc2b000 nmethod 8496 0x000002040ad10990 code [0x000002040ad10b80, 0x000002040ad10db8]
Event: 36.079 Thread 0x000002041fc2b000 8497       2       org.gradle.api.internal.plugins.DefaultPluginRegistry::lookup (83 bytes)
Event: 36.081 Thread 0x000002041fc2b000 nmethod 8497 0x000002040ad10f90 code [0x000002040ad11280, 0x000002040ad11cc8]

GC Heap History (20 events):
Event: 19.843 GC heap before
{Heap before GC invocations=28 (full 0):
 garbage-first heap   total 133120K, used 98748K [0x0000000080000000, 0x0000000100000000)
  region size 1024K, 45 young (46080K), 5 survivors (5120K)
 Metaspace       used 51023K, capacity 52428K, committed 52680K, reserved 1095680K
  class space    used 6464K, capacity 6975K, committed 7040K, reserved 1048576K
}
Event: 19.889 GC heap after
{Heap after GC invocations=29 (full 0):
 garbage-first heap   total 133120K, used 58368K [0x0000000080000000, 0x0000000100000000)
  region size 1024K, 5 young (5120K), 5 survivors (5120K)
 Metaspace       used 51023K, capacity 52428K, committed 52680K, reserved 1095680K
  class space    used 6464K, capacity 6975K, committed 7040K, reserved 1048576K
}
Event: 21.559 GC heap before
{Heap before GC invocations=29 (full 0):
 garbage-first heap   total 133120K, used 100352K [0x0000000080000000, 0x0000000100000000)
  region size 1024K, 46 young (47104K), 5 survivors (5120K)
 Metaspace       used 53568K, capacity 55199K, committed 55496K, reserved 1097728K
  class space    used 6902K, capacity 7474K, committed 7552K, reserved 1048576K
}
Event: 21.582 GC heap after
{Heap after GC invocations=30 (full 0):
 garbage-first heap   total 133120K, used 60502K [0x0000000080000000, 0x0000000100000000)
  region size 1024K, 5 young (5120K), 5 survivors (5120K)
 Metaspace       used 53568K, capacity 55199K, committed 55496K, reserved 1097728K
  class space    used 6902K, capacity 7474K, committed 7552K, reserved 1048576K
}
Event: 23.715 GC heap before
{Heap before GC invocations=30 (full 0):
 garbage-first heap   total 133120K, used 104534K [0x0000000080000000, 0x0000000100000000)
  region size 1024K, 46 young (47104K), 5 survivors (5120K)
 Metaspace       used 55608K, capacity 57252K, committed 57544K, reserved 1099776K
  class space    used 7115K, capacity 7700K, committed 7808K, reserved 1048576K
}
Event: 23.737 GC heap after
{Heap after GC invocations=31 (full 0):
 garbage-first heap   total 133120K, used 66544K [0x0000000080000000, 0x0000000100000000)
  region size 1024K, 5 young (5120K), 5 survivors (5120K)
 Metaspace       used 55608K, capacity 57252K, committed 57544K, reserved 1099776K
  class space    used 7115K, capacity 7700K, committed 7808K, reserved 1048576K
}
Event: 23.857 GC heap before
{Heap before GC invocations=31 (full 0):
 garbage-first heap   total 133120K, used 67568K [0x0000000080000000, 0x0000000100000000)
  region size 1024K, 7 young (7168K), 5 survivors (5120K)
 Metaspace       used 55610K, capacity 57252K, committed 57544K, reserved 1099776K
  class space    used 7115K, capacity 7700K, committed 7808K, reserved 1048576K
}
Event: 23.877 GC heap after
{Heap after GC invocations=32 (full 0):
 garbage-first heap   total 172032K, used 68500K [0x0000000080000000, 0x0000000100000000)
  region size 1024K, 5 young (5120K), 5 survivors (5120K)
 Metaspace       used 55610K, capacity 57252K, committed 57544K, reserved 1099776K
  class space    used 7115K, capacity 7700K, committed 7808K, reserved 1048576K
}
Event: 25.625 GC heap before
{Heap before GC invocations=33 (full 0):
 garbage-first heap   total 172032K, used 116628K [0x0000000080000000, 0x0000000100000000)
  region size 1024K, 47 young (48128K), 5 survivors (5120K)
 Metaspace       used 58399K, capacity 59993K, committed 60104K, reserved 1101824K
  class space    used 7455K, capacity 8011K, committed 8064K, reserved 1048576K
}
Event: 25.645 GC heap after
{Heap after GC invocations=34 (full 0):
 garbage-first heap   total 172032K, used 78020K [0x0000000080000000, 0x0000000100000000)
  region size 1024K, 6 young (6144K), 6 survivors (6144K)
 Metaspace       used 58399K, capacity 59993K, committed 60104K, reserved 1101824K
  class space    used 7455K, capacity 8011K, committed 8064K, reserved 1048576K
}
Event: 27.991 GC heap before
{Heap before GC invocations=34 (full 0):
 garbage-first heap   total 172032K, used 120004K [0x0000000080000000, 0x0000000100000000)
  region size 1024K, 47 young (48128K), 6 survivors (6144K)
 Metaspace       used 64833K, capacity 66582K, committed 66760K, reserved 1107968K
  class space    used 8188K, capacity 8795K, committed 8832K, reserved 1048576K
}
Event: 28.007 GC heap after
{Heap after GC invocations=35 (full 0):
 garbage-first heap   total 172032K, used 79744K [0x0000000080000000, 0x0000000100000000)
  region size 1024K, 2 young (2048K), 2 survivors (2048K)
 Metaspace       used 64833K, capacity 66582K, committed 66760K, reserved 1107968K
  class space    used 8188K, capacity 8795K, committed 8832K, reserved 1048576K
}
Event: 29.466 GC heap before
{Heap before GC invocations=35 (full 0):
 garbage-first heap   total 172032K, used 122752K [0x0000000080000000, 0x0000000100000000)
  region size 1024K, 45 young (46080K), 2 survivors (2048K)
 Metaspace       used 69967K, capacity 71827K, committed 72008K, reserved 1112064K
  class space    used 8820K, capacity 9472K, committed 9472K, reserved 1048576K
}
Event: 29.486 GC heap after
{Heap after GC invocations=36 (full 0):
 garbage-first heap   total 172032K, used 83261K [0x0000000080000000, 0x0000000100000000)
  region size 1024K, 6 young (6144K), 6 survivors (6144K)
 Metaspace       used 69967K, capacity 71827K, committed 72008K, reserved 1112064K
  class space    used 8820K, capacity 9472K, committed 9472K, reserved 1048576K
}
Event: 30.130 GC heap before
{Heap before GC invocations=37 (full 0):
 garbage-first heap   total 172032K, used 96573K [0x0000000080000000, 0x0000000100000000)
  region size 1024K, 20 young (20480K), 6 survivors (6144K)
 Metaspace       used 71140K, capacity 72962K, committed 73288K, reserved 1114112K
  class space    used 8981K, capacity 9636K, committed 9728K, reserved 1048576K
}
Event: 30.152 GC heap after
{Heap after GC invocations=38 (full 0):
 garbage-first heap   total 172032K, used 84687K [0x0000000080000000, 0x0000000100000000)
  region size 1024K, 2 young (2048K), 2 survivors (2048K)
 Metaspace       used 71140K, capacity 72962K, committed 73288K, reserved 1114112K
  class space    used 8981K, capacity 9636K, committed 9728K, reserved 1048576K
}
Event: 32.033 GC heap before
{Heap before GC invocations=39 (full 0):
 garbage-first heap   total 172032K, used 128719K [0x0000000080000000, 0x0000000100000000)
  region size 1024K, 44 young (45056K), 2 survivors (2048K)
 Metaspace       used 74355K, capacity 76390K, committed 76488K, reserved 1116160K
  class space    used 9385K, capacity 10089K, committed 10112K, reserved 1048576K
}
Event: 32.052 GC heap after
{Heap after GC invocations=40 (full 0):
 garbage-first heap   total 206848K, used 86214K [0x0000000080000000, 0x0000000100000000)
  region size 1024K, 3 young (3072K), 3 survivors (3072K)
 Metaspace       used 74355K, capacity 76390K, committed 76488K, reserved 1116160K
  class space    used 9385K, capacity 10089K, committed 10112K, reserved 1048576K
}
Event: 35.686 GC heap before
{Heap before GC invocations=40 (full 0):
 garbage-first heap   total 206848K, used 144582K [0x0000000080000000, 0x0000000100000000)
  region size 1024K, 60 young (61440K), 3 survivors (3072K)
 Metaspace       used 79544K, capacity 81647K, committed 81736K, reserved 1120256K
  class space    used 10177K, capacity 10921K, committed 11008K, reserved 1048576K
}
Event: 35.746 GC heap after
{Heap after GC invocations=41 (full 0):
 garbage-first heap   total 206848K, used 90895K [0x0000000080000000, 0x0000000100000000)
  region size 1024K, 8 young (8192K), 8 survivors (8192K)
 Metaspace       used 79544K, capacity 81647K, committed 81736K, reserved 1120256K
  class space    used 10177K, capacity 10921K, committed 11008K, reserved 1048576K
}

Deoptimization events (20 events):
Event: 32.146 Thread 0x000002041fd81800 DEOPT PACKING pc=0x000002040a18a3e4 sp=0x000000bb662f6000
Event: 32.146 Thread 0x000002041fd81800 DEOPT UNPACKING pc=0x0000020409606abf sp=0x000000bb662f5498 mode 0
Event: 32.168 Thread 0x000002041fd81800 Uncommon trap: trap_request=0xfffffff4 fr.pc=0x00000204112f70f8 relative=0x0000000000002438
Event: 32.168 Thread 0x000002041fd81800 Uncommon trap: reason=null_check action=make_not_entrant pc=0x00000204112f70f8 method=com.sun.beans.introspect.MethodInfo$MethodOrder.compare(Ljava/lang/reflect/Method;Ljava/lang/reflect/Method;)I @ 133 c2
Event: 32.168 Thread 0x000002041fd81800 DEOPT PACKING pc=0x00000204112f70f8 sp=0x000000bb662f3fa0
Event: 32.168 Thread 0x000002041fd81800 DEOPT UNPACKING pc=0x0000020409606ca9 sp=0x000000bb662f3e90 mode 2
Event: 32.208 Thread 0x000002041fd81800 Uncommon trap: trap_request=0xffffff4d fr.pc=0x00000204114692dc relative=0x00000000000006fc
Event: 32.208 Thread 0x000002041fd81800 Uncommon trap: reason=unstable_if action=reinterpret pc=0x00000204114692dc method=java.lang.PublicMethods$MethodList.filter([Ljava/lang/reflect/Method;Ljava/lang/String;[Ljava/lang/Class;Z)Ljava/lang/PublicMethods$MethodList; @ 43 c2
Event: 32.208 Thread 0x000002041fd81800 DEOPT PACKING pc=0x00000204114692dc sp=0x000000bb662f4c60
Event: 32.208 Thread 0x000002041fd81800 DEOPT UNPACKING pc=0x0000020409606ca9 sp=0x000000bb662f4c20 mode 2
Event: 32.259 Thread 0x000002041fd81800 DEOPT PACKING pc=0x000002040a955c8a sp=0x000000bb662f6140
Event: 32.259 Thread 0x000002041fd81800 DEOPT UNPACKING pc=0x0000020409606abf sp=0x000000bb662f56c0 mode 0
Event: 32.299 Thread 0x000002041fd81800 Uncommon trap: trap_request=0xffffff4d fr.pc=0x00000204113323d0 relative=0x0000000000000ed0
Event: 32.299 Thread 0x000002041fd81800 Uncommon trap: reason=unstable_if action=reinterpret pc=0x00000204113323d0 method=org.codehaus.groovy.runtime.metaclass.MetaMethodIndex.isOverridden(Lgroovy/lang/MetaMethod;Lgroovy/lang/MetaMethod;)Z @ 33 c2
Event: 32.299 Thread 0x000002041fd81800 DEOPT PACKING pc=0x00000204113323d0 sp=0x000000bb662f4d00
Event: 32.299 Thread 0x000002041fd81800 DEOPT UNPACKING pc=0x0000020409606ca9 sp=0x000000bb662f4c58 mode 2
Event: 33.045 Thread 0x000002041fd81800 DEOPT PACKING pc=0x000002040ab0f7db sp=0x000000bb662f87f0
Event: 33.045 Thread 0x000002041fd81800 DEOPT UNPACKING pc=0x0000020409606abf sp=0x000000bb662f7ca0 mode 0
Event: 33.134 Thread 0x000002041fd81800 DEOPT PACKING pc=0x000002040aad819f sp=0x000000bb662f8960
Event: 33.134 Thread 0x000002041fd81800 DEOPT UNPACKING pc=0x0000020409606abf sp=0x000000bb662f7e20 mode 0

Classes redefined (0 events):
No events

Internal exceptions (20 events):
Event: 32.343 Thread 0x000002041fd81800 Exception <a 'java/lang/ClassNotFoundException'{0x000000008baab280}: org/gradle/api/JavaVersionBeanInfo> (0x000000008baab280) thrown at [./src/hotspot/share/classfile/systemDictionary.cpp, line 231]
Event: 32.345 Thread 0x000002041fd81800 Exception <a 'java/lang/ClassNotFoundException'{0x000000008bad6218}: org/gradle/api/JavaVersionCustomizer> (0x000000008bad6218) thrown at [./src/hotspot/share/classfile/systemDictionary.cpp, line 231]
Event: 32.353 Thread 0x000002041fd81800 Exception <a 'java/lang/ClassNotFoundException'{0x000000008b92d058}: com/android/build/gradle/internal/CompileOptions_DecoratedBeanInfo> (0x000000008b92d058) thrown at [./src/hotspot/share/classfile/systemDictionary.cpp, line 231]
Event: 32.356 Thread 0x000002041fd81800 Exception <a 'java/lang/ClassNotFoundException'{0x000000008b946450}: com/android/build/gradle/internal/CompileOptionsBeanInfo> (0x000000008b946450) thrown at [./src/hotspot/share/classfile/systemDictionary.cpp, line 231]
Event: 32.357 Thread 0x000002041fd81800 Exception <a 'java/lang/ClassNotFoundException'{0x000000008b960148}: com/android/build/gradle/internal/CompileOptionsCustomizer> (0x000000008b960148) thrown at [./src/hotspot/share/classfile/systemDictionary.cpp, line 231]
Event: 32.359 Thread 0x000002041fd81800 Exception <a 'java/lang/ClassNotFoundException'{0x000000008b986ef8}: com/android/build/gradle/internal/CompileOptions_DecoratedCustomizer> (0x000000008b986ef8) thrown at [./src/hotspot/share/classfile/systemDictionary.cpp, line 231]
Event: 32.394 Thread 0x000002041fd81800 Exception <a 'java/lang/ClassNotFoundException'{0x000000008b8c7d50}: org/jetbrains/kotlin/gradle/dsl/KotlinJvmOptionsImplBeanInfo> (0x000000008b8c7d50) thrown at [./src/hotspot/share/classfile/systemDictionary.cpp, line 231]
Event: 32.395 Thread 0x000002041fd81800 Exception <a 'java/lang/ClassNotFoundException'{0x000000008b8e22d0}: org/jetbrains/kotlin/gradle/dsl/KotlinJvmOptionsBaseBeanInfo> (0x000000008b8e22d0) thrown at [./src/hotspot/share/classfile/systemDictionary.cpp, line 231]
Event: 32.396 Thread 0x000002041fd81800 Exception <a 'java/lang/ClassNotFoundException'{0x000000008b8fca58}: org/jetbrains/kotlin/gradle/dsl/KotlinJvmOptionsBaseCustomizer> (0x000000008b8fca58) thrown at [./src/hotspot/share/classfile/systemDictionary.cpp, line 231]
Event: 32.400 Thread 0x000002041fd81800 Exception <a 'java/lang/ClassNotFoundException'{0x000000008b72fde0}: org/jetbrains/kotlin/gradle/dsl/KotlinJvmOptionsImplCustomizer> (0x000000008b72fde0) thrown at [./src/hotspot/share/classfile/systemDictionary.cpp, line 231]
Event: 35.881 Thread 0x000002041fd81800 Exception <a 'java/lang/ClassNotFoundException'{0x000000008c529ef8}: com/android/build/gradle/internal/api/ApkVariantOutputImpl_DecoratedBeanInfo> (0x000000008c529ef8) thrown at [./src/hotspot/share/classfile/systemDictionary.cpp, line 231]
Event: 35.882 Thread 0x000002041fd81800 Exception <a 'java/lang/ClassNotFoundException'{0x000000008c544b10}: com/android/build/gradle/internal/api/ApkVariantOutputImplBeanInfo> (0x000000008c544b10) thrown at [./src/hotspot/share/classfile/systemDictionary.cpp, line 231]
Event: 35.885 Thread 0x000002041fd81800 Exception <a 'java/lang/ClassNotFoundException'{0x000000008c55ff90}: com/android/build/gradle/internal/api/BaseVariantOutputImplBeanInfo> (0x000000008c55ff90) thrown at [./src/hotspot/share/classfile/systemDictionary.cpp, line 231]
Event: 35.886 Thread 0x000002041fd81800 Exception <a 'java/lang/ClassNotFoundException'{0x000000008c57b478}: com/android/build/gradle/internal/api/BaseVariantOutputImplCustomizer> (0x000000008c57b478) thrown at [./src/hotspot/share/classfile/systemDictionary.cpp, line 231]
Event: 35.889 Thread 0x000002041fd81800 Exception <a 'java/lang/ClassNotFoundException'{0x000000008c5a9238}: com/android/build/gradle/internal/api/ApkVariantOutputImplCustomizer> (0x000000008c5a9238) thrown at [./src/hotspot/share/classfile/systemDictionary.cpp, line 231]
Event: 35.890 Thread 0x000002041fd81800 Exception <a 'java/lang/ClassNotFoundException'{0x000000008c5d3330}: com/android/build/gradle/internal/api/ApkVariantOutputImpl_DecoratedCustomizer> (0x000000008c5d3330) thrown at [./src/hotspot/share/classfile/systemDictionary.cpp, line 231]
Event: 35.956 Thread 0x000002041fd81800 Exception <a 'java/lang/ClassNotFoundException'{0x000000008c35cbe8}: com/android/build/gradle/internal/api/ReadOnlyBuildTypeBeanInfo> (0x000000008c35cbe8) thrown at [./src/hotspot/share/classfile/systemDictionary.cpp, line 231]
Event: 35.957 Thread 0x000002041fd81800 Exception <a 'java/lang/ClassNotFoundException'{0x000000008c376f20}: com/android/build/gradle/internal/api/ReadOnlyBaseConfigBeanInfo> (0x000000008c376f20) thrown at [./src/hotspot/share/classfile/systemDictionary.cpp, line 231]
Event: 35.958 Thread 0x000002041fd81800 Exception <a 'java/lang/ClassNotFoundException'{0x000000008c391d80}: com/android/build/gradle/internal/api/ReadOnlyBaseConfigCustomizer> (0x000000008c391d80) thrown at [./src/hotspot/share/classfile/systemDictionary.cpp, line 231]
Event: 35.960 Thread 0x000002041fd81800 Exception <a 'java/lang/ClassNotFoundException'{0x000000008c3bc7f8}: com/android/build/gradle/internal/api/ReadOnlyBuildTypeCustomizer> (0x000000008c3bc7f8) thrown at [./src/hotspot/share/classfile/systemDictionary.cpp, line 231]

Events (20 events):
Event: 35.987 loading class org/jetbrains/kotlin/gradle/plugin/mpp/AbstractKotlinCompilation$source$1
Event: 35.987 loading class org/jetbrains/kotlin/gradle/plugin/mpp/AbstractKotlinCompilation$source$1 done
Event: 35.988 loading class org/jetbrains/kotlin/gradle/plugin/mpp/AbstractKotlinCompilation$addExactSourceSetsEagerly$1$1$1
Event: 35.988 loading class org/jetbrains/kotlin/gradle/plugin/mpp/AbstractKotlinCompilation$addExactSourceSetsEagerly$1$1$1 done
Event: 35.989 loading class org/jetbrains/kotlin/gradle/plugin/sources/DefaultKotlinSourceSet$special$$inlined$Iterable$1
Event: 35.989 loading class org/jetbrains/kotlin/gradle/plugin/sources/DefaultKotlinSourceSet$special$$inlined$Iterable$1 done
Event: 35.989 loading class org/jetbrains/kotlin/gradle/plugin/mpp/AbstractKotlinCompilation$addSourcesToCompileTask$1
Event: 35.989 loading class org/jetbrains/kotlin/gradle/plugin/mpp/AbstractKotlinCompilation$addSourcesToCompileTask$1 done
Event: 35.992 loading class org/jetbrains/kotlin/gradle/plugin/mpp/KotlinCompilationsKt$addSourcesToKotlinCompileTask$1
Event: 35.992 loading class org/jetbrains/kotlin/gradle/plugin/mpp/KotlinCompilationsKt$addSourcesToKotlinCompileTask$1 done
Event: 35.993 loading class org/jetbrains/kotlin/gradle/plugin/mpp/KotlinCompilationsKt$addSourcesToKotlinCompileTask$2
Event: 35.993 loading class org/jetbrains/kotlin/gradle/plugin/mpp/KotlinCompilationsKt$addSourcesToKotlinCompileTask$2 done
Event: 35.995 loading class org/jetbrains/kotlin/gradle/plugin/GradleUtilsKt
Event: 35.995 loading class org/jetbrains/kotlin/gradle/plugin/GradleUtilsKt done
Event: 36.002 loading class com/android/build/gradle/internal/api/UnitTestVariantImpl
Event: 36.002 loading class com/android/build/gradle/internal/api/UnitTestVariantImpl done
Event: 36.073 loading class org/jetbrains/kotlin/gradle/plugin/KotlinMultiplatformPluginWrapper
Event: 36.073 loading class org/jetbrains/kotlin/gradle/plugin/KotlinMultiplatformPluginWrapper done
Event: 36.083 loading class com/android/build/gradle/internal/utils/KgpUtils$syncAgpAndKgpSources$1
Event: 36.083 loading class com/android/build/gradle/internal/utils/KgpUtils$syncAgpAndKgpSources$1 done


Dynamic libraries:
0x00007ff600850000 - 0x00007ff60085a000 	C:\Program Files\Android\Android Studio\jre\bin\java.exe
0x00007ffef8cf0000 - 0x00007ffef8ee5000 	C:\WINDOWS\SYSTEM32\ntdll.dll
0x00007ffec2d60000 - 0x00007ffec2d76000 	C:\Program Files\Avast Software\Avast\aswhook.dll
0x00007ffef84f0000 - 0x00007ffef85ae000 	C:\WINDOWS\System32\KERNEL32.DLL
0x00007ffef6410000 - 0x00007ffef66d8000 	C:\WINDOWS\System32\KERNELBASE.dll
0x00007ffef69e0000 - 0x00007ffef6ae0000 	C:\WINDOWS\System32\ucrtbase.dll
0x00007ffee51b0000 - 0x00007ffee51c7000 	C:\Program Files\Android\Android Studio\jre\bin\VCRUNTIME140.dll
0x00007ffee0d20000 - 0x00007ffee0d39000 	C:\Program Files\Android\Android Studio\jre\bin\jli.dll
0x00007ffef79a0000 - 0x00007ffef7b41000 	C:\WINDOWS\System32\USER32.dll
0x00007ffef6770000 - 0x00007ffef6792000 	C:\WINDOWS\System32\win32u.dll
0x00007ffef7900000 - 0x00007ffef792b000 	C:\WINDOWS\System32\GDI32.dll
0x00007ffef6c30000 - 0x00007ffef6d3b000 	C:\WINDOWS\System32\gdi32full.dll
0x00007ffef6b90000 - 0x00007ffef6c2d000 	C:\WINDOWS\System32\msvcp_win.dll
0x00007ffee5ab0000 - 0x00007ffee5d4a000 	C:\WINDOWS\WinSxS\amd64_microsoft.windows.common-controls_6595b64144ccf1df_6.0.19041.1110_none_60b5254171f9507e\COMCTL32.dll
0x00007ffef75f0000 - 0x00007ffef768e000 	C:\WINDOWS\System32\msvcrt.dll
0x00007ffef75c0000 - 0x00007ffef75f0000 	C:\WINDOWS\System32\IMM32.DLL
0x00007ffed8f00000 - 0x00007ffed8f9d000 	C:\Program Files\Android\Android Studio\jre\bin\msvcp140.dll
0x00007ffeb9e10000 - 0x00007ffeba8df000 	C:\Program Files\Android\Android Studio\jre\bin\server\jvm.dll
0x00007ffef72a0000 - 0x00007ffef734c000 	C:\WINDOWS\System32\ADVAPI32.dll
0x00007ffef8a10000 - 0x00007ffef8aab000 	C:\WINDOWS\System32\sechost.dll
0x00007ffef73d0000 - 0x00007ffef74fa000 	C:\WINDOWS\System32\RPCRT4.dll
0x00007ffef83c0000 - 0x00007ffef83c8000 	C:\WINDOWS\System32\PSAPI.DLL
0x00007ffee3810000 - 0x00007ffee3819000 	C:\WINDOWS\SYSTEM32\WSOCK32.dll
0x00007ffef85b0000 - 0x00007ffef861b000 	C:\WINDOWS\System32\WS2_32.dll
0x00007ffee58f0000 - 0x00007ffee5917000 	C:\WINDOWS\SYSTEM32\WINMM.dll
0x00007ffeef760000 - 0x00007ffeef76a000 	C:\WINDOWS\SYSTEM32\VERSION.dll
0x00007ffef4310000 - 0x00007ffef4322000 	C:\WINDOWS\SYSTEM32\kernel.appcore.dll
0x00007ffef0760000 - 0x00007ffef0771000 	C:\Program Files\Android\Android Studio\jre\bin\verify.dll
0x00007ffef1ce0000 - 0x00007ffef1ec4000 	C:\WINDOWS\SYSTEM32\DBGHELP.DLL
0x00007ffeed700000 - 0x00007ffeed72c000 	C:\WINDOWS\SYSTEM32\dbgcore.DLL
0x00007ffef66e0000 - 0x00007ffef6763000 	C:\WINDOWS\System32\bcryptPrimitives.dll
0x00007ffeedd50000 - 0x00007ffeedd79000 	C:\Program Files\Android\Android Studio\jre\bin\java.dll
0x00007ffef0750000 - 0x00007ffef075b000 	C:\Program Files\Android\Android Studio\jre\bin\jimage.dll
0x00007ffee3370000 - 0x00007ffee3388000 	C:\Program Files\Android\Android Studio\jre\bin\zip.dll
0x00007ffef7b50000 - 0x00007ffef828f000 	C:\WINDOWS\System32\SHELL32.dll
0x00007ffef4510000 - 0x00007ffef4ca0000 	C:\WINDOWS\SYSTEM32\windows.storage.dll
0x00007ffef8620000 - 0x00007ffef8975000 	C:\WINDOWS\System32\combase.dll
0x00007ffef5df0000 - 0x00007ffef5e1e000 	C:\WINDOWS\SYSTEM32\Wldp.dll
0x00007ffef8be0000 - 0x00007ffef8c8d000 	C:\WINDOWS\System32\SHCORE.dll
0x00007ffef78a0000 - 0x00007ffef78f5000 	C:\WINDOWS\System32\shlwapi.dll
0x00007ffef6350000 - 0x00007ffef636f000 	C:\WINDOWS\SYSTEM32\profapi.dll
0x00007ffee2be0000 - 0x00007ffee2bfa000 	C:\Program Files\Android\Android Studio\jre\bin\net.dll
0x00007ffee5650000 - 0x00007ffee575c000 	C:\WINDOWS\SYSTEM32\WINHTTP.dll
0x00007ffef5af0000 - 0x00007ffef5b5a000 	C:\WINDOWS\system32\mswsock.dll
0x00007ffee2bb0000 - 0x00007ffee2bc4000 	C:\Program Files\Android\Android Studio\jre\bin\nio.dll
0x00007ffee0bd0000 - 0x00007ffee0bf7000 	C:\Users\79045\.gradle\native\8bec1ad78214c89d9ad589b4d07fe93259594b29d510b10fafb7a158f7737e5d\windows-amd64\native-platform.dll
0x00007ffeb9a10000 - 0x00007ffeb9b4d000 	C:\Users\79045\.gradle\native\53dbd7edfb1c66fb8903c78663c9afc45aea4f116125fa6feffd364cf09443e8\windows-amd64\native-platform-file-events.dll
0x00007ffeee480000 - 0x00007ffeee48a000 	C:\Program Files\Android\Android Studio\jre\bin\management.dll
0x00007ffee45a0000 - 0x00007ffee45ac000 	C:\Program Files\Android\Android Studio\jre\bin\management_ext.dll
0x00007ffef5cf0000 - 0x00007ffef5d08000 	C:\WINDOWS\SYSTEM32\CRYPTSP.dll
0x00007ffef5470000 - 0x00007ffef54a4000 	C:\WINDOWS\system32\rsaenh.dll
0x00007ffef69b0000 - 0x00007ffef69d7000 	C:\WINDOWS\System32\bcrypt.dll
0x00007ffef6310000 - 0x00007ffef633e000 	C:\WINDOWS\SYSTEM32\USERENV.dll
0x00007ffef5ce0000 - 0x00007ffef5cec000 	C:\WINDOWS\SYSTEM32\CRYPTBASE.dll
0x00007ffef57e0000 - 0x00007ffef581b000 	C:\WINDOWS\SYSTEM32\IPHLPAPI.DLL
0x00007ffef75b0000 - 0x00007ffef75b8000 	C:\WINDOWS\System32\NSI.dll
0x00007ffee8160000 - 0x00007ffee8177000 	C:\WINDOWS\SYSTEM32\dhcpcsvc6.DLL
0x00007ffee82d0000 - 0x00007ffee82ed000 	C:\WINDOWS\SYSTEM32\dhcpcsvc.DLL
0x00007ffef5820000 - 0x00007ffef58eb000 	C:\WINDOWS\SYSTEM32\DNSAPI.dll

dbghelp: loaded successfully - version: 4.0.5 - missing functions: none
symbol engine: initialized successfully - sym options: 0x614 - pdb path: .;C:\Program Files\Android\Android Studio\jre\bin;C:\WINDOWS\SYSTEM32;C:\Program Files\Avast Software\Avast;C:\WINDOWS\WinSxS\amd64_microsoft.windows.common-controls_6595b64144ccf1df_6.0.19041.1110_none_60b5254171f9507e;C:\Program Files\Android\Android Studio\jre\bin\server;C:\Users\79045\.gradle\native\8bec1ad78214c89d9ad589b4d07fe93259594b29d510b10fafb7a158f7737e5d\windows-amd64;C:\Users\79045\.gradle\native\53dbd7edfb1c66fb8903c78663c9afc45aea4f116125fa6feffd364cf09443e8\windows-amd64

VM Arguments:
jvm_args: --add-opens=java.base/java.util=ALL-UNNAMED --add-opens=java.base/java.lang=ALL-UNNAMED --add-opens=java.base/java.lang.invoke=ALL-UNNAMED --add-opens=java.base/java.util=ALL-UNNAMED --add-opens=java.prefs/java.util.prefs=ALL-UNNAMED --add-opens=java.prefs/java.util.prefs=ALL-UNNAMED --add-opens=java.base/java.nio.charset=ALL-UNNAMED --add-opens=java.base/java.net=ALL-UNNAMED --add-opens=java.base/java.util.concurrent.atomic=ALL-UNNAMED -Xmx2048m -Dfile.encoding=UTF-8 -Duser.country=RU -Duser.language=ru -Duser.variant 
java_command: org.gradle.launcher.daemon.bootstrap.GradleDaemon 7.0.2
java_class_path (initial): C:\Users\79045\.gradle\wrapper\dists\gradle-7.0.2-bin\857tjihv64xamwrf0h14cai3r\gradle-7.0.2\lib\gradle-launcher-7.0.2.jar
Launcher Type: SUN_STANDARD

[Global flags]
     intx CICompilerCount                          = 2                                         {product} {ergonomic}
     uint ConcGCThreads                            = 1                                         {product} {ergonomic}
     uint G1ConcRefinementThreads                  = 2                                         {product} {ergonomic}
   size_t G1HeapRegionSize                         = 1048576                                   {product} {ergonomic}
    uintx GCDrainStackTargetSize                   = 64                                        {product} {ergonomic}
   size_t InitialHeapSize                          = 65011712                                  {product} {ergonomic}
   size_t MarkStackSize                            = 4194304                                   {product} {ergonomic}
   size_t MaxHeapSize                              = 2147483648                                {product} {command line}
   size_t MaxNewSize                               = 1287651328                                {product} {ergonomic}
   size_t MinHeapDeltaBytes                        = 1048576                                   {product} {ergonomic}
    uintx NonNMethodCodeHeapSize                   = 5825164                                {pd product} {ergonomic}
    uintx NonProfiledCodeHeapSize                  = 122916538                              {pd product} {ergonomic}
    uintx ProfiledCodeHeapSize                     = 122916538                              {pd product} {ergonomic}
    uintx ReservedCodeCacheSize                    = 251658240                              {pd product} {ergonomic}
     bool SegmentedCodeCache                       = true                                      {product} {ergonomic}
     bool UseCompressedClassPointers               = true                                 {lp64_product} {ergonomic}
     bool UseCompressedOops                        = true                                 {lp64_product} {ergonomic}
     bool UseG1GC                                  = true                                      {product} {ergonomic}
     bool UseLargePagesIndividualAllocation        = false                                  {pd product} {ergonomic}

Logging:
Log output configuration:
 #0: stdout all=warning uptime,level,tags
 #1: stderr all=off uptime,level,tags

Environment Variables:
PATH=C:\WINDOWS\system32;C:\WINDOWS;C:\WINDOWS\System32\Wbem;C:\WINDOWS\System32\WindowsPowerShell\v1.0\;C:\WINDOWS\System32\OpenSSH\;C:\Program Files\Intel\TXE Components\DAL\;C:\Program Files (x86)\Intel\TXE Components\DAL\;C:\Program Files (x86)\Git\cmd;C:\Users\79045\AppData\Local\Microsoft\WindowsApps;
USERNAME=79045
OS=Windows_NT
PROCESSOR_IDENTIFIER=Intel64 Family 6 Model 122 Stepping 1, GenuineIntel



---------------  S Y S T E M  ---------------

OS: Windows 10 , 64 bit Build 19041 (10.0.19041.1348)
OS uptime: 13 days 0:28 hours

CPU:total 2 (initial active 2) (2 cores per cpu, 1 threads per core) family 6 model 122 stepping 1 microcode 0x2e, cmov, cx8, fxsr, mmx, sse, sse2, sse3, ssse3, sse4.1, sse4.2, popcnt, aes, clmul, erms, 3dnowpref, tsc, tscinvbit, sha

Memory: 4k page, system-wide physical 3920M (299M free)
TotalPageFile size 11214M (AvailPageFile size 6976M)
current process WorkingSet (physical memory assigned to process): 286M, peak: 416M
current process commit charge ("private bytes"): 439M, peak: 440M

vm_info: OpenJDK 64-Bit Server VM (11.0.10+0-b96-7249189) for windows-amd64 JRE (11.0.10+0-b96-7249189), built on Mar 31 2021 21:44:00 by "builder" with MS VC++ 14.0 (VS2015)

END.
